\BOOKMARK [0][-]{chapter.1}{Indledning \(BS, JS\)}{}% 1
\BOOKMARK [0][-]{chapter.2}{Opgaveformulering \(PO\)}{}% 2
\BOOKMARK [0][-]{chapter.3}{Projektafgr\346nsning \(JS\)}{}% 3
\BOOKMARK [0][-]{chapter.4}{Systembeskrivelse \(MK\)}{}% 4
\BOOKMARK [0][-]{chapter.5}{Krav \(JS\)}{}% 5
\BOOKMARK [0][-]{chapter.6}{Kravspecifikation \(SK\)}{}% 6
\BOOKMARK [1][-]{section.6.1}{Usecases}{chapter.6}% 7
\BOOKMARK [2][-]{subsection.6.1.1}{Bruger}{section.6.1}% 8
\BOOKMARK [2][-]{subsection.6.1.2}{Eksterne enheder}{section.6.1}% 9
\BOOKMARK [2][-]{subsection.6.1.3}{Barn}{section.6.1}% 10
\BOOKMARK [2][-]{subsection.6.1.4}{SMS modtager}{section.6.1}% 11
\BOOKMARK [2][-]{subsection.6.1.5}{DE2 Board}{section.6.1}% 12
\BOOKMARK [0][-]{chapter.7}{Arbejdsproces}{}% 13
\BOOKMARK [1][-]{section.7.1}{Udviklingsmodeller \(JS, PO\)}{chapter.7}% 14
\BOOKMARK [1][-]{section.7.2}{M\370der, tidsplan, logbog og referater \(PO\)}{chapter.7}% 15
\BOOKMARK [1][-]{section.7.3}{HW/SW teams}{chapter.7}% 16
\BOOKMARK [2][-]{subsection.7.3.1}{Hardware teamet \(PO\)}{section.7.3}% 17
\BOOKMARK [2][-]{subsection.7.3.2}{Software teamet \(BS\)}{section.7.3}% 18
\BOOKMARK [1][-]{section.7.4}{Arbejdsfordeling}{chapter.7}% 19
\BOOKMARK [2][-]{subsection.7.4.1}{Hardware}{section.7.4}% 20
\BOOKMARK [2][-]{subsection.7.4.2}{Software}{section.7.4}% 21
\BOOKMARK [2][-]{subsection.7.4.3}{Andet}{section.7.4}% 22
\BOOKMARK [0][-]{chapter.8}{Udviklingsv\346rkt\370jer}{}% 23
\BOOKMARK [1][-]{section.8.1}{LaTex og Texmaker \(JS, PO\)}{chapter.8}% 24
\BOOKMARK [1][-]{section.8.2}{Microsoft Visual Studio \(BS\)}{chapter.8}% 25
\BOOKMARK [1][-]{section.8.3}{Atmel Studio \(BS\)}{chapter.8}% 26
\BOOKMARK [1][-]{section.8.4}{National Instruments Multisim \(PO\)}{chapter.8}% 27
\BOOKMARK [1][-]{section.8.5}{Microsoft Visio \(JS\)}{chapter.8}% 28
\BOOKMARK [1][-]{section.8.6}{Altera Quartus II \(PO\)}{chapter.8}% 29
\BOOKMARK [1][-]{section.8.7}{Electronic ToolBox App \(JS\)}{chapter.8}% 30
\BOOKMARK [1][-]{section.8.8}{Filh\345ndtering \(JS, PO\)}{chapter.8}% 31
\BOOKMARK [2][-]{subsection.8.8.1}{GitHub}{section.8.8}% 32
\BOOKMARK [2][-]{subsection.8.8.2}{Dropbox}{section.8.8}% 33
\BOOKMARK [2][-]{subsection.8.8.3}{Google Drev}{section.8.8}% 34
\BOOKMARK [0][-]{chapter.9}{Systemarkitektur}{}% 35
\BOOKMARK [1][-]{section.9.1}{Hardware arkitektur}{chapter.9}% 36
\BOOKMARK [1][-]{section.9.2}{Dom\346nemodel}{chapter.9}% 37
\BOOKMARK [2][-]{subsection.9.2.1}{BDD Hardware}{section.9.2}% 38
\BOOKMARK [2][-]{subsection.9.2.2}{Plantegning over HW}{section.9.2}% 39
\BOOKMARK [1][-]{section.9.3}{Software arkitektur}{chapter.9}% 40
\BOOKMARK [2][-]{subsection.9.3.1}{Applikationsmodel for PC \(JC\)}{section.9.3}% 41
\BOOKMARK [2][-]{subsection.9.3.2}{Applikationsmodel for CSS-hovedenhed \(BS\)}{section.9.3}% 42
\BOOKMARK [2][-]{subsection.9.3.3}{Applikationsmodel for X10-udtag \(BS\)}{section.9.3}% 43
\BOOKMARK [0][-]{chapter.10}{Design}{}% 44
\BOOKMARK [1][-]{section.10.1}{Hardware design}{chapter.10}% 45
\BOOKMARK [1][-]{section.10.2}{Encoder}{chapter.10}% 46
\BOOKMARK [2][-]{subsection.10.2.1}{H\370jpasfilter}{section.10.2}% 47
\BOOKMARK [2][-]{subsection.10.2.2}{Zero Crossing Detector \(SK\)}{section.10.2}% 48
\BOOKMARK [1][-]{section.10.3}{Decoder}{chapter.10}% 49
\BOOKMARK [2][-]{subsection.10.3.1}{B\345ndpasfilter}{section.10.3}% 50
\BOOKMARK [2][-]{subsection.10.3.2}{Envelope Detector \(SK\)}{section.10.3}% 51
\BOOKMARK [2][-]{subsection.10.3.3}{Dipswitch}{section.10.3}% 52
\BOOKMARK [1][-]{section.10.4}{Software design}{chapter.10}% 53
\BOOKMARK [2][-]{subsection.10.4.1}{PC delen \(JC\)}{section.10.4}% 54
\BOOKMARK [0][-]{chapter.11}{Implementering}{}% 55
\BOOKMARK [1][-]{section.11.1}{Hardware implementering}{chapter.11}% 56
\BOOKMARK [1][-]{section.11.2}{Software implementering}{chapter.11}% 57
\BOOKMARK [0][-]{chapter.12}{Resultater}{}% 58
\BOOKMARK [0][-]{chapter.13}{Opn\345ede erfaringer \(JS\)}{}% 59
\BOOKMARK [0][-]{chapter.14}{Fremtidigt arbejde \(SK\)}{}% 60
\BOOKMARK [0][-]{chapter.15}{Konklusion \(PO, SK\)}{}% 61
\BOOKMARK [0][-]{chapter.16}{Individuel konklusion}{}% 62
\BOOKMARK [1][-]{section.16.1}{Bj\370rn S\370rensen}{chapter.16}% 63
\BOOKMARK [1][-]{section.16.2}{Jakob Schmidt}{chapter.16}% 64
\BOOKMARK [1][-]{section.16.3}{Jeppe St\346rk}{chapter.16}% 65
\BOOKMARK [1][-]{section.16.4}{Jesper Christensen}{chapter.16}% 66
\BOOKMARK [1][-]{section.16.5}{Mick Kirkegaard}{chapter.16}% 67
\BOOKMARK [1][-]{section.16.6}{Poul Overgaard}{chapter.16}% 68
\BOOKMARK [1][-]{section.16.7}{Simon Kirchheiner}{chapter.16}% 69
\BOOKMARK [0][-]{chapter.17}{Litteraturliste}{}% 70
\BOOKMARK [1][-]{section.17.1}{B\370ger}{chapter.17}% 71
\BOOKMARK [1][-]{section.17.2}{Hjemmesider}{chapter.17}% 72
\BOOKMARK [2][-]{subsection.17.2.1}{Opslagsv\346rker}{section.17.2}% 73
\BOOKMARK [0][-]{chapter.18}{Bilags-CD indhold}{}% 74
