C:\USERS\JESPER\DOCUMENTS\GITHUB\E2PRJ2GRP1\IMPLEMENTERING\SW PC\MAIN PROGRAM\MAIN PROGRAM\DEBUG\AKTIVER.OBJ
C:\USERS\JESPER\DOCUMENTS\GITHUB\E2PRJ2GRP1\IMPLEMENTERING\SW PC\MAIN PROGRAM\MAIN PROGRAM\DEBUG\BRUGERUI.OBJ
C:\USERS\JESPER\DOCUMENTS\GITHUB\E2PRJ2GRP1\IMPLEMENTERING\SW PC\MAIN PROGRAM\MAIN PROGRAM\DEBUG\CLICKATELLIF.OBJ
C:\USERS\JESPER\DOCUMENTS\GITHUB\E2PRJ2GRP1\IMPLEMENTERING\SW PC\MAIN PROGRAM\MAIN PROGRAM\DEBUG\DEAKTIVER.OBJ
C:\USERS\JESPER\DOCUMENTS\GITHUB\E2PRJ2GRP1\IMPLEMENTERING\SW PC\MAIN PROGRAM\MAIN PROGRAM\DEBUG\DETEKTERLYD.OBJ
C:\USERS\JESPER\DOCUMENTS\GITHUB\E2PRJ2GRP1\IMPLEMENTERING\SW PC\MAIN PROGRAM\MAIN PROGRAM\DEBUG\HUKOMMELSE.OBJ
C:\USERS\JESPER\DOCUMENTS\GITHUB\E2PRJ2GRP1\IMPLEMENTERING\SW PC\MAIN PROGRAM\MAIN PROGRAM\DEBUG\LOGIN.OBJ
C:\USERS\JESPER\DOCUMENTS\GITHUB\E2PRJ2GRP1\IMPLEMENTERING\SW PC\MAIN PROGRAM\MAIN PROGRAM\DEBUG\MAIN PROGRAM.OBJ
C:\USERS\JESPER\DOCUMENTS\GITHUB\E2PRJ2GRP1\IMPLEMENTERING\SW PC\MAIN PROGRAM\MAIN PROGRAM\DEBUG\REDIGERSMSBRUGER.OBJ
C:\USERS\JESPER\DOCUMENTS\GITHUB\E2PRJ2GRP1\IMPLEMENTERING\SW PC\MAIN PROGRAM\MAIN PROGRAM\DEBUG\RS232IF.OBJ
C:\USERS\JESPER\DOCUMENTS\GITHUB\E2PRJ2GRP1\IMPLEMENTERING\SW PC\MAIN PROGRAM\MAIN PROGRAM\DEBUG\UDTAG.OBJ
C:\USERS\JESPER\DOCUMENTS\GITHUB\E2PRJ2GRP1\IMPLEMENTERING\SW PC\MAIN PROGRAM\MAIN PROGRAM\DEBUG\SERIAL.OBJ
C:\USERS\JESPER\DOCUMENTS\GITHUB\E2PRJ2GRP1\IMPLEMENTERING\SW PC\MAIN PROGRAM\MAIN PROGRAM\DEBUG\VC110.PDB
\\VMWARE-HOST\SHARED FOLDERS\PRJ2 GITHUB\IMPLEMENTERING\SW PC\MAIN PROGRAM\MAIN PROGRAM\DEBUG\AKTIVER.OBJ
\\VMWARE-HOST\SHARED FOLDERS\PRJ2 GITHUB\IMPLEMENTERING\SW PC\MAIN PROGRAM\MAIN PROGRAM\DEBUG\BRUGERUI.OBJ
\\VMWARE-HOST\SHARED FOLDERS\PRJ2 GITHUB\IMPLEMENTERING\SW PC\MAIN PROGRAM\MAIN PROGRAM\DEBUG\CLICKATELLIF.OBJ
\\VMWARE-HOST\SHARED FOLDERS\PRJ2 GITHUB\IMPLEMENTERING\SW PC\MAIN PROGRAM\MAIN PROGRAM\DEBUG\DEAKTIVER.OBJ
\\VMWARE-HOST\SHARED FOLDERS\PRJ2 GITHUB\IMPLEMENTERING\SW PC\MAIN PROGRAM\MAIN PROGRAM\DEBUG\DETEKTERLYD.OBJ
\\VMWARE-HOST\SHARED FOLDERS\PRJ2 GITHUB\IMPLEMENTERING\SW PC\MAIN PROGRAM\MAIN PROGRAM\DEBUG\HUKOMMELSE.OBJ
\\VMWARE-HOST\SHARED FOLDERS\PRJ2 GITHUB\IMPLEMENTERING\SW PC\MAIN PROGRAM\MAIN PROGRAM\DEBUG\LOGIN.OBJ
\\VMWARE-HOST\SHARED FOLDERS\PRJ2 GITHUB\IMPLEMENTERING\SW PC\MAIN PROGRAM\MAIN PROGRAM\DEBUG\MAIN PROGRAM.OBJ
\\VMWARE-HOST\SHARED FOLDERS\PRJ2 GITHUB\IMPLEMENTERING\SW PC\MAIN PROGRAM\MAIN PROGRAM\DEBUG\REDIGERSMSBRUGER.OBJ
\\VMWARE-HOST\SHARED FOLDERS\PRJ2 GITHUB\IMPLEMENTERING\SW PC\MAIN PROGRAM\MAIN PROGRAM\DEBUG\RS232IF.OBJ
\\VMWARE-HOST\SHARED FOLDERS\PRJ2 GITHUB\IMPLEMENTERING\SW PC\MAIN PROGRAM\MAIN PROGRAM\DEBUG\SERIAL.OBJ
\\VMWARE-HOST\SHARED FOLDERS\PRJ2 GITHUB\IMPLEMENTERING\SW PC\MAIN PROGRAM\MAIN PROGRAM\DEBUG\UDTAG.OBJ
\\VMWARE-HOST\SHARED FOLDERS\PRJ2 GITHUB\IMPLEMENTERING\SW PC\MAIN PROGRAM\MAIN PROGRAM\DEBUG\VC110.PDB
C:\USERS\JESPER\DOCUMENTS\GITHUB\E2PRJ2GRP1\IMPLEMENTERING\SW PC\MAIN PROGRAM\DEBUG\MAIN PROGRAM.ILK
C:\USERS\JESPER\DOCUMENTS\GITHUB\E2PRJ2GRP1\IMPLEMENTERING\SW PC\MAIN PROGRAM\DEBUG\MAIN PROGRAM.EXE
C:\USERS\JESPER\DOCUMENTS\GITHUB\E2PRJ2GRP1\IMPLEMENTERING\SW PC\MAIN PROGRAM\DEBUG\MAIN PROGRAM.PDB
\\VMWARE-HOST\SHARED FOLDERS\PRJ2 GITHUB\IMPLEMENTERING\SW PC\MAIN PROGRAM\DEBUG\MAIN PROGRAM.PDB
\\vmware-host\Shared Folders\PRJ2 GitHub\Implementering\SW PC\Main program\Main program\Debug\aktiver.obj
\\vmware-host\Shared Folders\PRJ2 GitHub\Implementering\SW PC\Main program\Main program\Debug\brugerUI.obj
\\vmware-host\Shared Folders\PRJ2 GitHub\Implementering\SW PC\Main program\Main program\Debug\ClickATellIF.obj
\\vmware-host\Shared Folders\PRJ2 GitHub\Implementering\SW PC\Main program\Main program\Debug\deaktiver.obj
\\vmware-host\Shared Folders\PRJ2 GitHub\Implementering\SW PC\Main program\Main program\Debug\detekterLyd.obj
\\vmware-host\Shared Folders\PRJ2 GitHub\Implementering\SW PC\Main program\Main program\Debug\hukommelse.obj
\\vmware-host\Shared Folders\PRJ2 GitHub\Implementering\SW PC\Main program\Main program\Debug\Login.obj
\\vmware-host\Shared Folders\PRJ2 GitHub\Implementering\SW PC\Main program\Main program\Debug\Main program.obj
\\vmware-host\Shared Folders\PRJ2 GitHub\Implementering\SW PC\Main program\Main program\Debug\redigerSmsBruger.obj
\\vmware-host\Shared Folders\PRJ2 GitHub\Implementering\SW PC\Main program\Main program\Debug\rs232IF.obj
\\vmware-host\Shared Folders\PRJ2 GitHub\Implementering\SW PC\Main program\Main program\Debug\Serial.obj
\\vmware-host\Shared Folders\PRJ2 GitHub\Implementering\SW PC\Main program\Main program\Debug\udtag.obj
\\vmware-host\Shared Folders\PRJ2 GitHub\Implementering\SW PC\Main program\Main program\Debug\cl.command.1.tlog
\\vmware-host\Shared Folders\PRJ2 GitHub\Implementering\SW PC\Main program\Main program\Debug\CL.read.1.tlog
\\vmware-host\Shared Folders\PRJ2 GitHub\Implementering\SW PC\Main program\Main program\Debug\CL.write.1.tlog
\\vmware-host\Shared Folders\PRJ2 GitHub\Implementering\SW PC\Main program\Main program\Debug\link-cvtres.read.1.tlog
\\vmware-host\Shared Folders\PRJ2 GitHub\Implementering\SW PC\Main program\Main program\Debug\link-cvtres.write.1.tlog
\\vmware-host\Shared Folders\PRJ2 GitHub\Implementering\SW PC\Main program\Main program\Debug\link-rc.read.1.tlog
\\vmware-host\Shared Folders\PRJ2 GitHub\Implementering\SW PC\Main program\Main program\Debug\link-rc.write.1.tlog
\\vmware-host\Shared Folders\PRJ2 GitHub\Implementering\SW PC\Main program\Main program\Debug\link.command.1.tlog
\\vmware-host\Shared Folders\PRJ2 GitHub\Implementering\SW PC\Main program\Main program\Debug\link.read.1.tlog
\\vmware-host\Shared Folders\PRJ2 GitHub\Implementering\SW PC\Main program\Main program\Debug\link.write.1.tlog
\\vmware-host\Shared Folders\PRJ2 GitHub\Implementering\SW PC\Main program\Main program\Debug\vc110.idb
\\vmware-host\Shared Folders\PRJ2 GitHub\Implementering\SW PC\Main program\Main program\Debug\vc110.pdb
\\vmware-host\Shared Folders\PRJ2 GitHub\Implementering\SW PC\Main program\Debug\Main program.pdb
\\vmware-host\Shared Folders\PRJ2 GitHub\Implementering\SW PC\Main program\Debug\Main program.exe
\\vmware-host\Shared Folders\PRJ2 GitHub\Implementering\SW PC\Main program\Debug\Main program.ilk
