Build started 25-05-2014 12:57:26.
     1>Project "\\vmware-host\Shared Folders\PRJ2 GitHub\Implementering\SW PC\Main program\Main program\Main program.vcxproj" on node 2 (Build target(s)).
     1>ClCompile:
         C:\Program Files (x86)\Microsoft Visual Studio 11.0\VC\bin\CL.exe /c /Zi /nologo /W3 /WX- /O2 /Oi /Oy- /GL /D WIN32 /D NDEBUG /D _CONSOLE /D _MBCS /Gm- /EHsc /MD /GS /Gy /fp:precise /Zc:wchar_t /Zc:forScope /Fo"Release\\" /Fd"Release\vc110.pdb" /Gd /TP /analyze- /errorReport:prompt aktiver.cpp brugerUI.cpp ClickATellIF.cpp deaktiver.cpp detekterLyd.cpp hukommelse.cpp Login.cpp "Main program.cpp" redigerSmsBruger.cpp rs232IF.cpp Serial.cpp udtag.cpp
         aktiver.cpp
         brugerUI.cpp
     1>brugerUI.cpp(70): warning C4101: 'temp' : unreferenced local variable
     1>brugerUI.cpp(130): warning C4018: '<' : signed/unsigned mismatch
     1>brugerUI.cpp(148): warning C4018: '<' : signed/unsigned mismatch
     1>brugerUI.cpp(207): warning C4018: '<' : signed/unsigned mismatch
     1>brugerUI.cpp(225): warning C4018: '<' : signed/unsigned mismatch
     1>brugerUI.cpp(366): warning C4018: '<=' : signed/unsigned mismatch
     1>brugerUI.cpp(429): warning C4390: ';' : empty controlled statement found; is this the intent?
     1>brugerUI.cpp(362): warning C4101: 'move' : unreferenced local variable
         ClickATellIF.cpp
         deaktiver.cpp
         detekterLyd.cpp
         hukommelse.cpp
     1>hukommelse.cpp(101): warning C4018: '<' : signed/unsigned mismatch
     1>hukommelse.cpp(124): warning C4018: '<' : signed/unsigned mismatch
     1>hukommelse.cpp(132): warning C4018: '<' : signed/unsigned mismatch
     1>hukommelse.cpp(145): warning C4018: '<' : signed/unsigned mismatch
         Login.cpp
     1>Login.cpp(27): warning C4996: 'kbhit': The POSIX name for this item is deprecated. Instead, use the ISO C++ conformant name: _kbhit. See online help for details.
                 C:\Program Files (x86)\Microsoft Visual Studio 11.0\VC\include\conio.h(133) : see declaration of 'kbhit'
         Main program.cpp
     1>Main program.cpp(36): warning C4996: 'kbhit': The POSIX name for this item is deprecated. Instead, use the ISO C++ conformant name: _kbhit. See online help for details.
                 C:\Program Files (x86)\Microsoft Visual Studio 11.0\VC\include\conio.h(133) : see declaration of 'kbhit'
     1>Main program.cpp(30): warning C4101: 'ch' : unreferenced local variable
         redigerSmsBruger.cpp
         rs232IF.cpp
         Serial.cpp
         udtag.cpp
     1>udtag.cpp(58): warning C4018: '<=' : signed/unsigned mismatch
       Link:
         C:\Program Files (x86)\Microsoft Visual Studio 11.0\VC\bin\link.exe /ERRORREPORT:PROMPT /OUT:"\\vmware-host\Shared Folders\PRJ2 GitHub\Implementering\SW PC\Main program\Release\Main program.exe" /INCREMENTAL:NO /NOLOGO kernel32.lib user32.lib gdi32.lib winspool.lib comdlg32.lib advapi32.lib shell32.lib ole32.lib oleaut32.lib uuid.lib odbc32.lib odbccp32.lib /MANIFEST /MANIFESTUAC:"level='asInvoker' uiAccess='false'" /manifest:embed /DEBUG /PDB:"\\vmware-host\Shared Folders\PRJ2 GitHub\Implementering\SW PC\Main program\Release\Main program.pdb" /SUBSYSTEM:CONSOLE /OPT:REF /OPT:ICF /LTCG /TLBID:1 /DYNAMICBASE /NXCOMPAT /IMPLIB:"\\vmware-host\Shared Folders\PRJ2 GitHub\Implementering\SW PC\Main program\Release\Main program.lib" /MACHINE:X86 /SAFESEH Release\aktiver.obj
         Release\brugerUI.obj
         Release\ClickATellIF.obj
         Release\deaktiver.obj
         Release\detekterLyd.obj
         Release\hukommelse.obj
         Release\Login.obj
         "Release\Main program.obj"
         Release\redigerSmsBruger.obj
         Release\rs232IF.obj
         Release\Serial.obj
         Release\udtag.obj
         Generating code
         Finished generating code
         Main program.vcxproj -> \\vmware-host\Shared Folders\PRJ2 GitHub\Implementering\SW PC\Main program\Release\Main program.exe
     1>Done Building Project "\\vmware-host\Shared Folders\PRJ2 GitHub\Implementering\SW PC\Main program\Main program\Main program.vcxproj" (Build target(s)).

Build succeeded.

Time Elapsed 00:00:13.39
